<?xml version="1.0" encoding="UTF-8"?>
<!-- Generated by org.testng.reporters.JUnitReportReporter -->
<testsuite hostname="HOME" failures="0" tests="1" name="com.nopCommerceV2.testCases.TC_LoginTest_001" time="19.495" errors="0" timestamp="2020-12-16T05:09:20 IST" skipped="0">
  <testcase classname="com.nopCommerceV2.testCases.TC_LoginTest_001" name="loginTest" time="19.495"/>
  <system-out/>
</testsuite> <!-- com.nopCommerceV2.testCases.TC_LoginTest_001 -->
